[Mon Feb 02 2015 11:41:15 GMT+0000 (UTC)] INFO API jobs GET: Operations Finance Manager(44)
[Mon Feb 02 2015 11:41:15 GMT+0000 (UTC)] INFO API jobs GET: Enterprise Sales Team Manager(43)
[Mon Feb 02 2015 11:41:15 GMT+0000 (UTC)] INFO API jobs GET: Retail Account Director(48)
[Mon Feb 02 2015 11:41:15 GMT+0000 (UTC)] INFO API jobs GET: Epsom Product Manager(47)
[Mon Feb 02 2015 11:41:15 GMT+0000 (UTC)] INFO API jobs GET: Retail Analyst(50)
[Mon Feb 02 2015 11:41:15 GMT+0000 (UTC)] INFO API jobs GET: Brother Product Specialist(49)
[Mon Feb 02 2015 11:41:15 GMT+0000 (UTC)] INFO API jobs GET: Logitech Product Specialist(52)
[Mon Feb 02 2015 11:41:15 GMT+0000 (UTC)] INFO API jobs GET: Business Manager - Linx(54)
[Mon Feb 02 2015 11:41:15 GMT+0000 (UTC)] INFO API jobs GET: Junior Website Designer(53)
[Mon Feb 02 2015 11:41:15 GMT+0000 (UTC)] INFO API jobs GET: Senior Category Manager - Office Products(51)
[Mon Feb 02 2015 11:41:15 GMT+0000 (UTC)] INFO API jobs GET: Belkin Product Manager(57)
[Mon Feb 02 2015 11:41:15 GMT+0000 (UTC)] INFO API jobs GET: Tactical Server & Storage Product Manager(56)
[Mon Feb 02 2015 11:41:15 GMT+0000 (UTC)] INFO API jobs GET: Fujitsu Server & Storage Product Manager(55)
[Mon Feb 02 2015 11:41:15 GMT+0000 (UTC)] INFO API jobs GET: Dell Product Specialist (60)
[Mon Feb 02 2015 11:41:15 GMT+0000 (UTC)] INFO API jobs GET: Product Specialist(59)
[Mon Feb 02 2015 11:41:15 GMT+0000 (UTC)] INFO API jobs GET: Sales Executive(61)
[Mon Feb 02 2015 11:41:15 GMT+0000 (UTC)] INFO API jobs GET: Windows Support Manager(58)
[Mon Feb 02 2015 11:44:21 GMT+0000 (UTC)] INFO HIT /api/jobs 81.171.235.123
[Mon Feb 02 2015 11:44:21 GMT+0000 (UTC)] INFO GET api/jobs
API:jobs
API jobs GET: Head of Sales - Retail(0)
API jobs GET: Networks & Tier 1 Mobile Business Development Manager(1)
API jobs GET: B2B Finance Manager(2)
API jobs GET: Windows Support Manager(3)
API jobs GET: Learning & Development Executive(4)
API jobs GET: Windows Support Manager(5)
API jobs GET: Recurring Revenue Accounts Assistant(6)
API jobs GET: Senior Internal Enterprise Sales Executive(7)
API jobs GET: Technical Support - Vad Solutions(8)
API jobs GET: Mobile Sales Executive(9)
API jobs GET: Sales Executive(10)
API jobs GET: Computing Purchasing Category Manager(11)
API jobs GET: Components Product Manager(12)
API jobs GET: Sales Executive(13)
API jobs GET: Accessories Business Manager(14)
API jobs GET: Lexmark Product Specialist(15)
API jobs GET: Mobile Sales Executive (16)
API jobs GET: Independent Account Manager(17)
API jobs GET: Internal Communications Officer(18)
API jobs GET: Marketing Manager(19)
API jobs GET: IT Sales Executive(20)
API jobs GET: Category Manager - Office Products(21)
API jobs GET: Commercial Assistant (22)
API jobs GET: Tactical Server & Storage Product Manager(23)
API jobs GET: Sales Team Manager(24)
API jobs GET: Belkin Product Manager(25)
API jobs GET: Shift Manager(26)
API jobs GET: Retail Analyst Harlow(27)
API jobs GET: Sales Admin Support(28)
API jobs GET: Business Development Manager - Server & Storage(29)
API jobs GET: Marketing Manager(30)
API jobs GET: Enterprise Sales Team Manager(31)
API jobs GET: Accounts Assistant(32)
API jobs GET: Operations Finance Manager(33)
API jobs GET: PC Product Specialist(34)
API jobs GET: Epsom Product Manager(35)
API jobs GET: Sales Admin Support(36)
API jobs GET: Assistant Analyst(37)
API jobs GET: Fujitsu Server & Storage Product Manager(38)
API jobs GET: Business Development Manager - Server & Storage(39)
API jobs GET: Business Manager - Linx(40)
API jobs GET: Business Manager - Microsoft(41)
API jobs GET: Senior Internal Enterprise Sales Executive(42)
API jobs GET: Enterprise Sales Team Manager(43)
API jobs GET: Operations Finance Manager(44)
API jobs GET: Dell Product Specialist (45)
API jobs GET: PC Product Specialist(46)
API jobs GET: Epsom Product Manager(47)
API jobs GET: Retail Account Director(48)
API jobs GET: Brother Product Specialist(49)
API jobs GET: Retail Analyst(50)
API jobs GET: Senior Category Manager - Office Products(51)
API jobs GET: Logitech Product Specialist(52)
API jobs GET: Junior Website Designer(53)
API jobs GET: Business Manager - Linx(54)
API jobs GET: Fujitsu Server & Storage Product Manager(55)
API jobs GET: Tactical Server & Storage Product Manager(56)
API jobs GET: Belkin Product Manager(57)
API jobs GET: Windows Support Manager(58)
API jobs GET: Product Specialist(59)
API jobs GET: Dell Product Specialist (60)
API jobs GET: Sales Executive(61)
[Mon Feb 02 2015 11:44:36 GMT+0000 (UTC)] INFO HIT / 213.122.164.130
[Mon Feb 02 2015 11:48:59 GMT+0000 (UTC)] INFO HIT / 213.122.164.130
[Mon Feb 02 2015 11:48:59 GMT+0000 (UTC)] INFO HIT /8fc3364cc07251335d89b657b0bae3d3da5dead0.css?meteor_css_resource=true 213.122.164.130
[Mon Feb 02 2015 11:48:59 GMT+0000 (UTC)] INFO HIT /d0309e4d8bd3998b3d1785ebde0ae15b219e50d8.js 213.122.164.130
[Mon Feb 02 2015 11:49:00 GMT+0000 (UTC)] INFO HIT / 128.30.52.73
[Mon Feb 02 2015 11:49:00 GMT+0000 (UTC)] INFO HIT /favicon.ico 213.122.164.130
[Mon Feb 02 2015 11:49:02 GMT+0000 (UTC)] INFO getNumJObs = 62
[Mon Feb 02 2015 11:49:02 GMT+0000 (UTC)] INFO getNumMatchingJobs: searchfor = .+
[Mon Feb 02 2015 11:49:02 GMT+0000 (UTC)] INFO getNumMatchingJobs: searchfor = .+
[Mon Feb 02 2015 11:49:02 GMT+0000 (UTC)] INFO getNumMatchingJobs = 62
[Mon Feb 02 2015 11:49:02 GMT+0000 (UTC)] INFO getNumMatchingJobs = 62
[Mon Feb 02 2015 11:49:03 GMT+0000 (UTC)] INFO HIT /packages/bootstrap-3/bootstrap-3/fonts/glyphicons-halflings-regular.woff 213.122.164.130
[Mon Feb 02 2015 11:50:53 GMT+0000 (UTC)] INFO HIT /api/jobs 46.208.34.229
[Mon Feb 02 2015 11:50:53 GMT+0000 (UTC)] INFO API:jobs
[Mon Feb 02 2015 11:50:53 GMT+0000 (UTC)] INFO GET api/jobs
[Mon Feb 02 2015 11:50:53 GMT+0000 (UTC)] INFO API jobs GET: Head of Sales - Retail(0)
[Mon Feb 02 2015 11:50:53 GMT+0000 (UTC)] INFO API jobs GET: B2B Finance Manager(2)
[Mon Feb 02 2015 11:50:53 GMT+0000 (UTC)] INFO API jobs GET: Networks & Tier 1 Mobile Business Development Manager(1)
[Mon Feb 02 2015 11:50:53 GMT+0000 (UTC)] INFO API jobs GET: Windows Support Manager(5)
[Mon Feb 02 2015 11:50:53 GMT+0000 (UTC)] INFO API jobs GET: Windows Support Manager(3)
[Mon Feb 02 2015 11:50:53 GMT+0000 (UTC)] INFO API jobs GET: Learning & Development Executive(4)
[Mon Feb 02 2015 11:50:53 GMT+0000 (UTC)] INFO API jobs GET: Technical Support - Vad Solutions(8)
[Mon Feb 02 2015 11:50:53 GMT+0000 (UTC)] INFO API jobs GET: Senior Internal Enterprise Sales Executive(7)
[Mon Feb 02 2015 11:50:53 GMT+0000 (UTC)] INFO API jobs GET: Recurring Revenue Accounts Assistant(6)
[Mon Feb 02 2015 11:50:53 GMT+0000 (UTC)] INFO API jobs GET: Computing Purchasing Category Manager(11)
[Mon Feb 02 2015 11:50:53 GMT+0000 (UTC)] INFO API jobs GET: Sales Executive(10)
[Mon Feb 02 2015 11:50:53 GMT+0000 (UTC)] INFO API jobs GET: Mobile Sales Executive(9)
[Mon Feb 02 2015 11:50:53 GMT+0000 (UTC)] INFO API jobs GET: Sales Executive(13)
[Mon Feb 02 2015 11:50:53 GMT+0000 (UTC)] INFO API jobs GET: Components Product Manager(12)
[Mon Feb 02 2015 11:50:53 GMT+0000 (UTC)] INFO API jobs GET: Mobile Sales Executive (16)
[Mon Feb 02 2015 11:50:53 GMT+0000 (UTC)] INFO API jobs GET: Lexmark Product Specialist(15)
[Mon Feb 02 2015 11:50:53 GMT+0000 (UTC)] INFO API jobs GET: Accessories Business Manager(14)
[Mon Feb 02 2015 11:50:53 GMT+0000 (UTC)] INFO API jobs GET: Category Manager - Office Products(21)
[Mon Feb 02 2015 11:50:53 GMT+0000 (UTC)] INFO API jobs GET: IT Sales Executive(20)
[Mon Feb 02 2015 11:50:53 GMT+0000 (UTC)] INFO API jobs GET: Marketing Manager(19)
[Mon Feb 02 2015 11:50:53 GMT+0000 (UTC)] INFO API jobs GET: Internal Communications Officer(18)
[Mon Feb 02 2015 11:50:53 GMT+0000 (UTC)] INFO API jobs GET: Independent Account Manager(17)
[Mon Feb 02 2015 11:50:53 GMT+0000 (UTC)] INFO API jobs GET: Shift Manager(26)
[Mon Feb 02 2015 11:50:53 GMT+0000 (UTC)] INFO API jobs GET: Belkin Product Manager(25)
[Mon Feb 02 2015 11:50:53 GMT+0000 (UTC)] INFO API jobs GET: Tactical Server & Storage Product Manager(23)
[Mon Feb 02 2015 11:50:53 GMT+0000 (UTC)] INFO API jobs GET: Sales Team Manager(24)
[Mon Feb 02 2015 11:50:53 GMT+0000 (UTC)] INFO API jobs GET: Commercial Assistant (22)
[Mon Feb 02 2015 11:50:53 GMT+0000 (UTC)] INFO API jobs GET: Marketing Manager(30)
[Mon Feb 02 2015 11:50:53 GMT+0000 (UTC)] INFO API jobs GET: Business Development Manager - Server & Storage(29)
[Mon Feb 02 2015 11:50:53 GMT+0000 (UTC)] INFO API jobs GET: Sales Admin Support(28)
[Mon Feb 02 2015 11:50:53 GMT+0000 (UTC)] INFO API jobs GET: Retail Analyst Harlow(27)
[Mon Feb 02 2015 11:50:53 GMT+0000 (UTC)] INFO API jobs GET: Enterprise Sales Team Manager(31)
[Mon Feb 02 2015 11:50:53 GMT+0000 (UTC)] INFO API jobs GET: Operations Finance Manager(33)
[Mon Feb 02 2015 11:50:53 GMT+0000 (UTC)] INFO API jobs GET: Accounts Assistant(32)
[Mon Feb 02 2015 11:50:53 GMT+0000 (UTC)] INFO API jobs GET: Sales Admin Support(36)
[Mon Feb 02 2015 11:50:53 GMT+0000 (UTC)] INFO API jobs GET: Epsom Product Manager(35)
[Mon Feb 02 2015 11:50:53 GMT+0000 (UTC)] INFO API jobs GET: PC Product Specialist(34)
[Mon Feb 02 2015 11:50:53 GMT+0000 (UTC)] INFO API jobs GET: Business Development Manager - Server & Storage(39)
[Mon Feb 02 2015 11:50:53 GMT+0000 (UTC)] INFO API jobs GET: Assistant Analyst(37)
[Mon Feb 02 2015 11:50:53 GMT+0000 (UTC)] INFO API jobs GET: Fujitsu Server & Storage Product Manager(38)
[Mon Feb 02 2015 11:50:53 GMT+0000 (UTC)] INFO API jobs GET: Senior Internal Enterprise Sales Executive(42)
[Mon Feb 02 2015 11:50:53 GMT+0000 (UTC)] INFO API jobs GET: Business Manager - Microsoft(41)
[Mon Feb 02 2015 11:50:53 GMT+0000 (UTC)] INFO API jobs GET: Business Manager - Linx(40)
[Mon Feb 02 2015 11:50:53 GMT+0000 (UTC)] INFO API jobs GET: PC Product Specialist(46)
[Mon Feb 02 2015 11:50:53 GMT+0000 (UTC)] INFO API jobs GET: Dell Product Specialist (45)
[Mon Feb 02 2015 11:50:53 GMT+0000 (UTC)] INFO API jobs GET: Operations Finance Manager(44)
[Mon Feb 02 2015 11:50:53 GMT+0000 (UTC)] INFO API jobs GET: Enterprise Sales Team Manager(43)
[Mon Feb 02 2015 11:50:53 GMT+0000 (UTC)] INFO API jobs GET: Epsom Product Manager(47)
[Mon Feb 02 2015 11:50:53 GMT+0000 (UTC)] INFO API jobs GET: Retail Account Director(48)
[Mon Feb 02 2015 11:50:53 GMT+0000 (UTC)] INFO API jobs GET: Retail Analyst(50)
[Mon Feb 02 2015 11:50:53 GMT+0000 (UTC)] INFO API jobs GET: Brother Product Specialist(49)
[Mon Feb 02 2015 11:50:53 GMT+0000 (UTC)] INFO API jobs GET: Logitech Product Specialist(52)
[Mon Feb 02 2015 11:50:53 GMT+0000 (UTC)] INFO API jobs GET: Senior Category Manager - Office Products(51)
[Mon Feb 02 2015 11:50:53 GMT+0000 (UTC)] INFO API jobs GET: Fujitsu Server & Storage Product Manager(55)
[Mon Feb 02 2015 11:50:53 GMT+0000 (UTC)] INFO API jobs GET: Tactical Server & Storage Product Manager(56)
[Mon Feb 02 2015 11:50:53 GMT+0000 (UTC)] INFO API jobs GET: Business Manager - Linx(54)
[Mon Feb 02 2015 11:50:53 GMT+0000 (UTC)] INFO API jobs GET: Junior Website Designer(53)
[Mon Feb 02 2015 11:50:53 GMT+0000 (UTC)] INFO API jobs GET: Product Specialist(59)
[Mon Feb 02 2015 11:50:53 GMT+0000 (UTC)] INFO API jobs GET: Windows Support Manager(58)
[Mon Feb 02 2015 11:50:53 GMT+0000 (UTC)] INFO API jobs GET: Belkin Product Manager(57)
[Mon Feb 02 2015 11:50:53 GMT+0000 (UTC)] INFO API jobs GET: Dell Product Specialist (60)
API jobs GET: Sales Executive(61)
[Mon Feb 02 2015 11:54:36 GMT+0000 (UTC)] INFO HIT / 213.122.164.130
[Mon Feb 02 2015 12:04:36 GMT+0000 (UTC)] INFO HIT / 213.122.164.130
[Mon Feb 02 2015 12:14:36 GMT+0000 (UTC)] INFO HIT / 213.122.164.130
[Mon Feb 02 2015 12:15:28 GMT+0000 (UTC)] INFO HIT /_GALAXY_ 54.247.74.19
[Mon Feb 02 2015 12:17:13 GMT+0000 (UTC)] INFO HIT /_GALAXY_ 54.247.74.19
